2025-11-03T03:07:11+03:00 | SENT | {"to":"howino810@gmail.com","subject":"Test Email - StudentAttendance 2025-11-03 03:07:08","message_id":"<405OceWBqApb29rTz0uvwJfWdvwxQlpl8QUrfD0xJsI@DESKTOP-RL91CFL>","status":"sent"}
2025-11-03T03:12:29+03:00 | SENT | {"to":"howino810@gmail.com","subject":"Marked absent: Introduction to Programming on 2025-11-03","message_id":"<zAykt6ZelMO0BSmCbDYBnfHZMaccZgIqCblhaFy1M@localhost>","status":"sent"}
2025-11-03T03:40:13+03:00 | SENT | {"to":"lilflicky254@gmail.com","subject":"Marked absent: Introduction to Programming on 2025-11-03","message_id":"<Yk7sFuzpdQmuZNX0dOUhstaN6B2JEAKWRB3YwY37iY@localhost>","status":"sent"}
2025-11-03T14:12:15+03:00 | SENT | {"to":"lilflicky254@gmail.com","subject":"Class Venue Updated","message_id":"<kLHTAdbQqhSjRABiYMAypXOjUwXOXMrhLH3dpRtFkgs@localhost>","status":"sent"}
2025-11-03T18:17:49+03:00 | SENT | {"to":"lilflicky254@gmail.com","subject":"Password Reset Request","message_id":"<LO3bMT4BGy6fTh3cYrkm77CRSnxZowU1zkRLtZINY@localhost>","status":"sent"}
2025-11-03T18:19:15+03:00 | SENT | {"to":"lilflicky254@gmail.com","subject":"Marked absent: Introduction to Programming on 2025-11-03","message_id":"<8rOR5vt7tujvOSb5ufJgPv61v1eUH6ZUQUhjpNgI@localhost>","status":"sent"}
2025-11-10T12:30:31+03:00 | SENT | {"to":"lilflicky254@gmail.com","subject":"Password Reset Request","message_id":"<KWFTXQAbOcyEA1umSAcvdGO08gOJsOFiOARMnfM8N6E@localhost>","status":"sent"}
2025-11-12T04:34:36+03:00 | SENT | {"to":"howino810@gmail.com","subject":"New Account Request","message_id":"<6kJAATTMEBwEczNDrkXJUI2eY3B6uwULEWlo5rR6Y@localhost>","status":"sent"}
2025-11-12T04:43:52+03:00 | SENT | {"to":"howino569@gmail.com","subject":"Account Rejected","message_id":"<NuVZbY4C3bAxhsYYTdQhQ0Ip53oqtUbLqmOc99laCAQ@localhost>","status":"sent"}
2025-11-12T05:02:11+03:00 | SENT | {"to":"howino569@gmail.com","subject":"Account Rejected","message_id":"<iwKbV6gqg0y0y3OZX0eE4y8ICOy4mHwUptgqeTI@localhost>","status":"sent"}
2025-11-12T05:34:08+03:00 | SENT | {"to":"howino810@gmail.com","subject":"New Account Request","message_id":"<d2VSPKIjBS5SLMLJWcAKXuMyt8gBquu0DskXFNQg@localhost>","status":"sent"}
2025-11-12T05:39:09+03:00 | SENT | {"to":"howino569@gmail.com","subject":"Account Rejected","message_id":"<baYKG4x6HLV8eUpL7RXJRZQoKQrYw9CI95PtF1gIC4@localhost>","status":"sent"}
2025-11-12T05:47:26+03:00 | SENT | {"to":"howino810@gmail.com","subject":"New Account Request","message_id":"<wsCsj9iuIlyaI6QPcLMSSa5ir8TO8B3OVwDxulKlm8c@localhost>","status":"sent"}
2025-11-12T05:48:15+03:00 | SENT | {"to":"howino569@gmail.com","subject":"Account Approved","message_id":"<cn5PjSpE2o2zL1ljbH3wtBvFJb7701KiIEPZc5kSJY@localhost>","status":"sent"}
2025-11-13T01:25:34+03:00 | SENT | {"to":"lilflicky254@gmail.com","subject":"Password Reset Request","message_id":"<4d7f7LwxHiNmmpyKZsMgDfy5VG6eXaPYoQOfTgX57M@localhost>","status":"sent"}
2025-11-13T16:39:49+03:00 | SENT | {"to":"howino810@gmail.com","subject":"New Account Request","message_id":"<QTzRc2lrdsVGwDR30xxKFnqo0G8IMAykThyUtIUto@localhost>","status":"sent"}
2025-11-13T16:41:39+03:00 | SENT | {"to":"mkiraguri@kabarak.ac.ke","subject":"Account Approved","message_id":"<AScUbQnsF6JMsBOi6d03rGGhhqgvA7KJd6iZ9nn3w@localhost>","status":"sent"}
2025-11-13T16:55:43+03:00 | SENT | {"to":"lilflicky254@gmail.com","subject":"Class Venue Updated","message_id":"<SI1SQ7Jw0cLuZeaoykwcOUAk90gE45VqCwps7bCq5k@localhost>","status":"sent"}
2025-11-13T16:55:46+03:00 | SENT | {"to":"howino569@gmail.com","subject":"Class Venue Updated","message_id":"<JlybjmIDggkf68L9jls33U7mku83E31x0IAeir9g84@localhost>","status":"sent"}
2025-11-13T16:55:49+03:00 | SENT | {"to":"mkiraguri@kabarak.ac.ke","subject":"Class Venue Updated","message_id":"<gOSLVJZcJe47yO14apuBcJRafCqsu670PGu8u2jRvUs@localhost>","status":"sent"}
2025-11-13T16:57:45+03:00 | SENT | {"to":"lilflicky254@gmail.com","subject":"Class Venue Updated","message_id":"<yZHPLxsjEQSkSAuI5zWfyLcnBoQNB6puVc10O7Boyg@localhost>","status":"sent"}
2025-11-13T16:57:48+03:00 | SENT | {"to":"howino569@gmail.com","subject":"Class Venue Updated","message_id":"<EOdkX3PEg3GORoZHumePD0afSvhgpjttStITlarC4@localhost>","status":"sent"}
2025-11-13T16:57:51+03:00 | SENT | {"to":"mkiraguri@kabarak.ac.ke","subject":"Class Venue Updated","message_id":"<iRBB6pUimxota1BLiHL6h408SdC9dZZ0TqUgwjLxc@localhost>","status":"sent"}
2025-11-13T18:31:14+03:00 | SENT | {"to":"lilflicky254@gmail.com","subject":"Class Venue Updated","message_id":"<dmg61F9xOkHH3NgMzkAAROambtXXVBs4Me34SREKU@localhost>","status":"sent"}
2025-11-13T18:31:17+03:00 | SENT | {"to":"howino569@gmail.com","subject":"Class Venue Updated","message_id":"<qLGjJo4i9GXXh2Otzyd3JfkOGXPxUdCrt1iziCFR8@localhost>","status":"sent"}
2025-11-13T18:31:20+03:00 | SENT | {"to":"mkiraguri@kabarak.ac.ke","subject":"Class Venue Updated","message_id":"<xt2bfwO5nPJmyKzDvAIbyUXvluBwEYuzimw5DMSRJHA@localhost>","status":"sent"}
2025-11-13T18:37:10+03:00 | SENT | {"to":"howino810@gmail.com","subject":"New Account Request","message_id":"<eukjleGfIyJ8Nnazs4EFOylorYRnXMLEGTG9J1LXI@localhost>","status":"sent"}
2025-11-14T15:29:36+03:00 | SENT | {"to":"lilflicky254@gmail.com","subject":"Class Venue Updated","message_id":"<mit7NI7yceuwhwfsJuSwyACoEBVwilrytPs8Bc7ZE@localhost>","status":"sent"}
2025-11-14T15:29:39+03:00 | SENT | {"to":"howino569@gmail.com","subject":"Class Venue Updated","message_id":"<ah4gezy7WkZBIoD6hVOAT1F0Tza5CV1BE4NFLEp7pE@localhost>","status":"sent"}
2025-11-14T15:29:43+03:00 | SENT | {"to":"mkiraguri@kabarak.ac.ke","subject":"Class Venue Updated","message_id":"<aZw7qXyq1cHsA8BsJtKkJPP9VIseEchqQqbet1yMwI@localhost>","status":"sent"}
2025-11-14T17:56:25+03:00 | SENT | {"to":"lilflicky254@gmail.com","subject":"Marked absent: Introduction to Programming on 2025-11-14","message_id":"<svKdadc3SITfXO3IDAMFkwwkfvVmPLurWkIPpLmu5g@localhost>","status":"sent"}
2025-11-14T21:23:03+03:00 | SENT | {"to":"lilflicky254@gmail.com","subject":"Class Venue Updated","message_id":"<KJB3LH0g6oq4EamgW2QrpAljn4JTuJgG2Z16kdIXp9Y@localhost>","status":"sent"}
2025-11-14T21:23:08+03:00 | SENT | {"to":"howino569@gmail.com","subject":"Class Venue Updated","message_id":"<5zt0dHHVuRhPlMXrd1wddgHd8oxwfipVSxsG21AY7s@localhost>","status":"sent"}
2025-11-14T21:23:14+03:00 | SENT | {"to":"mkiraguri@kabarak.ac.ke","subject":"Class Venue Updated","message_id":"<36t6B6JzWhr1XkvIQZIbYM8Nl3KvYWtzX9YV9w3B8@localhost>","status":"sent"}
2025-11-17T04:30:34+03:00 | SENT | {"to":"h1serverside@gmail.com","subject":"Account Rejected","message_id":"<iO5lljDsvwiXMzdGeiK43eLwZqOWjlHCS5RlaOaA4@localhost>","status":"sent"}
2025-11-17T07:29:24+03:00 | SENT | {"to":"lilflicky254@gmail.com","subject":"Class Venue Updated","message_id":"<pv7vOoq4OO8iBuUqxeIHeEJMQuoITGjEThEWu15qlBs@localhost>","status":"sent"}
2025-11-17T07:29:27+03:00 | SENT | {"to":"howino569@gmail.com","subject":"Class Venue Updated","message_id":"<EGtKh9nWW3yxBt7KpA0PNPLQYOfylUKo16CH9Ulxbv0@localhost>","status":"sent"}
2025-11-17T07:29:30+03:00 | SENT | {"to":"mkiraguri@kabarak.ac.ke","subject":"Class Venue Updated","message_id":"<nPJ8LsOJreSLb9m5kzxsGoIFrveKFCPdpuZNXVnSw1s@localhost>","status":"sent"}
2025-11-17T07:30:01+03:00 | SENT | {"to":"lilflicky254@gmail.com","subject":"Class Venue Updated","message_id":"<kJNse4Tj0dH09r6CbmagEuXHFJLqRh9u6CyK4ZGl1E@localhost>","status":"sent"}
2025-11-17T07:30:04+03:00 | SENT | {"to":"howino569@gmail.com","subject":"Class Venue Updated","message_id":"<HiDCGigkddNNhXCauMdAiCtWsdCRfGJ35Iv4SY@localhost>","status":"sent"}
2025-11-17T07:30:06+03:00 | SENT | {"to":"mkiraguri@kabarak.ac.ke","subject":"Class Venue Updated","message_id":"<UPHsU3hZEJZPm20LLQrdT83CYj6AqDBQZTiWfVGyoc@localhost>","status":"sent"}
2025-11-17T12:21:02+03:00 | SENT | {"to":"howino810@gmail.com","subject":"New Account Request","message_id":"<zWuAbRyLGafCB50lw9qmhHlpUwn5imP8WolTUgQZEA@localhost>","status":"sent"}
2025-11-17T12:21:43+03:00 | SENT | {"to":"lkogo@kabarak.ac.ke","subject":"Account Approved","message_id":"<qxDMjf4Kdg9Qkz86XDSBqh7RIoaAzzD1P21s3wSS8@localhost>","status":"sent"}
2025-11-17T12:22:56+03:00 | SENT | {"to":"lilflicky254@gmail.com","subject":"Class Venue Updated","message_id":"<fFVWYPc0h5C2J1ozM8ovNGKeZQWrWgjhSV6ScxTTrGw@localhost>","status":"sent"}
2025-11-17T12:23:00+03:00 | SENT | {"to":"howino569@gmail.com","subject":"Class Venue Updated","message_id":"<TduMQbtcjSEwTohszOgxLZWMD1R9bt2Z8tXo4rC63Lc@localhost>","status":"sent"}
2025-11-17T12:23:04+03:00 | SENT | {"to":"mkiraguri@kabarak.ac.ke","subject":"Class Venue Updated","message_id":"<j8p231PAzEBZ6CNPpZfpOh90Cf7ZIpZ2XXRqnybDs@localhost>","status":"sent"}
2025-11-17T12:23:08+03:00 | SENT | {"to":"lkogo@kabarak.ac.ke","subject":"Class Venue Updated","message_id":"<alsBES7dbV4W0ueMJEGcSUY6LRvzcR5HDvZfHilbUw@localhost>","status":"sent"}
2025-11-17T12:29:29+03:00 | SENT | {"to":"lkogo@kabarak.ac.ke","subject":"Marked absent: Data Structures and Algorithms on 2025-11-17","message_id":"<Z4wyE4waK9KVNBrTDlEn7tyEQmAOxV7A3ELpszCeNM@localhost>","status":"sent"}
2025-11-17T13:17:43+03:00 | SENT | {"to":"lilflicky254@gmail.com","subject":"Class Venue Updated","message_id":"<Rd4I2sfqBu5GixTcAREgN26pzJxg88cwQ13d1kbA4@localhost>","status":"sent"}
2025-11-17T13:17:53+03:00 | SENT | {"to":"howino569@gmail.com","subject":"Class Venue Updated","message_id":"<QnbaqDpZFzCiZg9mxibaMVx6Rmv2GyLQnhZIag@localhost>","status":"sent"}
2025-11-17T13:18:03+03:00 | SENT | {"to":"mkiraguri@kabarak.ac.ke","subject":"Class Venue Updated","message_id":"<vvugOGLpLHmja6lih8rThJqJ6u2xMtAFWlk4Ly9OCk@localhost>","status":"sent"}
2025-11-17T13:18:14+03:00 | SENT | {"to":"lkogo@kabarak.ac.ke","subject":"Class Venue Updated","message_id":"<tLED2DnF2dZxMzx5dW8GoS7JKDfD8VDYntFBgjTGwAY@localhost>","status":"sent"}
2025-11-17T13:20:46+03:00 | SENT | {"to":"lilflicky254@gmail.com","subject":"Class Venue Updated","message_id":"<qvQM5KfYuSzRr0G4MBCwQN3psUahnr8GAR2lDoqswJA@localhost>","status":"sent"}
2025-11-17T13:20:54+03:00 | SENT | {"to":"howino569@gmail.com","subject":"Class Venue Updated","message_id":"<wu5aYQyOI6Fc1hsuYM9tq1zpHHZla5uSIqPyLZ0k@localhost>","status":"sent"}
2025-11-17T13:21:19+03:00 | SENT | {"to":"mkiraguri@kabarak.ac.ke","subject":"Class Venue Updated","message_id":"<FkMVxVeBUxHFbLCrjAGKuB0P5ws8SIZxUk2PEVlKEU@localhost>","status":"sent"}
2025-11-17T13:22:22+03:00 | SENT | {"to":"lkogo@kabarak.ac.ke","subject":"Class Venue Updated","message_id":"<LDb9zsqc0O0xAVsfD8rIC96NFh3G3Utwwbv6dsPzHk@localhost>","status":"sent"}
2025-11-17T14:11:20+03:00 | SENT | {"to":"lilflicky254@gmail.com","subject":"Class Venue Updated","message_id":"<PFezMpnUCipy2H57S2fPR6d6GyJEA2aCfwW3rogY@localhost>","status":"sent"}
2025-11-17T14:11:34+03:00 | SENT | {"to":"howino569@gmail.com","subject":"Class Venue Updated","message_id":"<2PCqusqo0K7jgRrGlvwpMmXP0ffWsnrC0t2K6a4DUA@localhost>","status":"sent"}
2025-11-17T14:11:40+03:00 | SENT | {"to":"mkiraguri@kabarak.ac.ke","subject":"Class Venue Updated","message_id":"<bYGWawmm33CPxOiC7DlQeXrE4XQsEngAEOd9mMZC1Y@localhost>","status":"sent"}
2025-11-17T14:11:43+03:00 | SENT | {"to":"lkogo@kabarak.ac.ke","subject":"Class Venue Updated","message_id":"<StDfSnnOayNL9kcdVRKVXsHrL9AM8X1ElgJ1yEa4ZGs@localhost>","status":"sent"}
2025-11-17T14:11:47+03:00 | SENT | {"to":"student1@example.com","subject":"Class Venue Updated","message_id":"<GzJLVMBVJKEa99LA7xdN21wE0pwlM7hhSl88fGpQJ84@localhost>","status":"sent"}
2025-11-17T14:11:50+03:00 | SENT | {"to":"student2@example.com","subject":"Class Venue Updated","message_id":"<n42kwyaSyVzFIfiEqnhndTZxuZBCeUeVmc5pEOwpXk@localhost>","status":"sent"}
2025-11-17T14:11:54+03:00 | SENT | {"to":"student7@example.com","subject":"Class Venue Updated","message_id":"<rrXHDJGU877WMIXAndkQJMg9yJZ7SzWP7RFy5Xn7A@localhost>","status":"sent"}
2025-11-17T14:11:57+03:00 | SENT | {"to":"student10@example.com","subject":"Class Venue Updated","message_id":"<0vrZZIxVZvgnZZrT0fguHKDfasbntkGc4RPlVqDXU@localhost>","status":"sent"}
2025-11-17T14:12:05+03:00 | SENT | {"to":"student13@example.com","subject":"Class Venue Updated","message_id":"<PztZPs5Ye7yfb6uQL8b66biBCk2eFKchIfnsLf93w@localhost>","status":"sent"}
2025-11-17T14:43:52+03:00 | SENT | {"to":"lilflicky254@gmail.com","subject":"Class Venue Updated","message_id":"<tuQwyTjE4BqldaIuhIHmkq0PCW5yCjEoLtZO44USeE@localhost>","status":"sent"}
2025-11-17T14:43:56+03:00 | SENT | {"to":"howino569@gmail.com","subject":"Class Venue Updated","message_id":"<SOGtYxVK1HRGvg8CN4Yh2Ob7KVGPbmU52nYm8cKiPk@localhost>","status":"sent"}
2025-11-17T14:43:59+03:00 | SENT | {"to":"mkiraguri@kabarak.ac.ke","subject":"Class Venue Updated","message_id":"<bBe22wjxicag3k3wO5QP5s8NlrxJjfYmZEVkosdkM8E@localhost>","status":"sent"}
2025-11-17T14:44:02+03:00 | SENT | {"to":"lkogo@kabarak.ac.ke","subject":"Class Venue Updated","message_id":"<dt1CqPI2Ajvb5tEONMsrdLa3vMpHpRN5cJbNvjEQo@localhost>","status":"sent"}
2025-11-17T14:44:06+03:00 | SENT | {"to":"student1@example.com","subject":"Class Venue Updated","message_id":"<A6qXYwrcezWzVDnOC5WdewGth8QjMeqQNPpvMZPtcA@localhost>","status":"sent"}
2025-11-17T14:44:09+03:00 | SENT | {"to":"student2@example.com","subject":"Class Venue Updated","message_id":"<0Jx6js25pDnVddvSV8AB58OrDVG1nlK2DHQrTgdAuY@localhost>","status":"sent"}
2025-11-17T14:44:12+03:00 | SENT | {"to":"student7@example.com","subject":"Class Venue Updated","message_id":"<3r6ygEP5n4W53J0p6JEsBKxWSVn0khpdBMhj2q4jqY@localhost>","status":"sent"}
2025-11-17T14:44:15+03:00 | SENT | {"to":"student10@example.com","subject":"Class Venue Updated","message_id":"<BwKk8Q4c7SodxFoaptMRV5flN2CeCTApCv4cpvWl5A@localhost>","status":"sent"}
2025-11-17T14:44:18+03:00 | SENT | {"to":"student13@example.com","subject":"Class Venue Updated","message_id":"<mkLzohR8uIKoUbwjoiljXeCNJ3WujFHAoC2gYslct0o@localhost>","status":"sent"}
2025-11-24T19:50:26+03:00 | SENT | {"to":"howino810@gmail.com","subject":"Password Reset Request","message_id":"<vWLi6pYOAgk39GhMMcXw1IFUQZnjYMTVInnWBGKbNoI@localhost>","status":"sent"}
2025-11-25T06:52:36+03:00 | SENT | {"to":"howino810@gmail.com","subject":"Password Reset Request","message_id":"<gLS0QHNi18QCWaECeQfcGWkZZZmgP9s1hXLnqmCOE@localhost>","status":"sent"}
2025-11-25T06:52:40+03:00 | SENT | {"to":"howino810@gmail.com","subject":"Password Reset Request","message_id":"<nR4D6P3h59ncNm4jR5Sju6tM4Jf3zd5Ij87v0q5fvE@localhost>","status":"sent"}
2025-11-25T07:06:27+03:00 | SENT | {"to":"howino810@gmail.com","subject":"Password Reset Request","message_id":"<VsO4WutQNfXTF6okBcHrTfRYYIqMfbPhJC3LicI@localhost>","status":"sent"}
